<?xml version="1.0" encoding="UTF-8"?>
<testng-results skipped="0" failed="0" ignored="0" total="5" passed="5">
  <reporter-output>
  </reporter-output>
  <suite name="Default suite" duration-ms="12935" started-at="2021-07-22T10:52:47Z" finished-at="2021-07-22T10:53:00Z">
    <groups>
    </groups>
    <test name="Default test" duration-ms="12935" started-at="2021-07-22T10:52:47Z" finished-at="2021-07-22T10:53:00Z">
      <class name="userTests.DemoTest">
        <test-method status="PASS" signature="createReports()[pri:0, instance:userTests.DemoTest@39c0f4a]" name="createReports" is-config="true" duration-ms="145" started-at="2021-07-22T10:52:47Z" finished-at="2021-07-22T10:52:47Z">
          <reporter-output>
          </reporter-output>
        </test-method> <!-- createReports -->
        <test-method status="PASS" signature="launchBrowser()[pri:0, instance:userTests.DemoTest@39c0f4a]" name="launchBrowser" is-config="true" duration-ms="4079" started-at="2021-07-22T10:52:47Z" finished-at="2021-07-22T10:52:51Z">
          <reporter-output>
          </reporter-output>
        </test-method> <!-- launchBrowser -->
        <test-method status="PASS" signature="cartAdditionTest()[pri:0, instance:userTests.DemoTest@39c0f4a]" name="cartAdditionTest" duration-ms="3817" started-at="2021-07-22T10:52:51Z" finished-at="2021-07-22T10:52:55Z">
          <reporter-output>
          </reporter-output>
        </test-method> <!-- cartAdditionTest -->
        <test-method status="PASS" signature="lockedUserTest()[pri:0, instance:userTests.DemoTest@39c0f4a]" name="lockedUserTest" duration-ms="2486" started-at="2021-07-22T10:52:55Z" finished-at="2021-07-22T10:52:57Z">
          <reporter-output>
          </reporter-output>
        </test-method> <!-- lockedUserTest -->
        <test-method status="PASS" signature="loginUserTest()[pri:0, instance:userTests.DemoTest@39c0f4a]" name="loginUserTest" duration-ms="518" started-at="2021-07-22T10:52:57Z" finished-at="2021-07-22T10:52:58Z">
          <reporter-output>
          </reporter-output>
        </test-method> <!-- loginUserTest -->
        <test-method status="PASS" signature="logoutUserTest()[pri:0, instance:userTests.DemoTest@39c0f4a]" name="logoutUserTest" duration-ms="542" started-at="2021-07-22T10:52:58Z" finished-at="2021-07-22T10:52:58Z">
          <reporter-output>
          </reporter-output>
        </test-method> <!-- logoutUserTest -->
        <test-method status="PASS" signature="removeCartItemaTest()[pri:0, instance:userTests.DemoTest@39c0f4a]" name="removeCartItemaTest" duration-ms="693" started-at="2021-07-22T10:52:58Z" finished-at="2021-07-22T10:52:59Z">
          <reporter-output>
          </reporter-output>
        </test-method> <!-- removeCartItemaTest -->
        <test-method status="PASS" signature="quitBrowser()[pri:0, instance:userTests.DemoTest@39c0f4a]" name="quitBrowser" is-config="true" duration-ms="724" started-at="2021-07-22T10:52:59Z" finished-at="2021-07-22T10:53:00Z">
          <reporter-output>
          </reporter-output>
        </test-method> <!-- quitBrowser -->
        <test-method status="PASS" signature="flushReports()[pri:0, instance:userTests.DemoTest@39c0f4a]" name="flushReports" is-config="true" duration-ms="255" started-at="2021-07-22T10:53:00Z" finished-at="2021-07-22T10:53:00Z">
          <reporter-output>
          </reporter-output>
        </test-method> <!-- flushReports -->
      </class> <!-- userTests.DemoTest -->
    </test> <!-- Default test -->
  </suite> <!-- Default suite -->
</testng-results>
