<?xml version="1.0" encoding="UTF-8"?>
<!-- Generated by org.testng.reporters.JUnitXMLReporter -->
<testsuite hostname="DESKTOP-8QTLCQR" ignored="0" name="Default test" tests="5" failures="0" timestamp="22 Jul 2021 10:53:00 GMT" time="12.935" errors="0">
  <testcase name="cartAdditionTest" time="3.817" classname="userTests.DemoTest"/>
  <testcase name="lockedUserTest" time="2.486" classname="userTests.DemoTest"/>
  <testcase name="loginUserTest" time="0.518" classname="userTests.DemoTest"/>
  <testcase name="logoutUserTest" time="0.542" classname="userTests.DemoTest"/>
  <testcase name="removeCartItemaTest" time="0.693" classname="userTests.DemoTest"/>
</testsuite> <!-- Default test -->
